d:\datum\project\光立方备份\yfrobot 光立方上位机源码12\yfrobot 光立方上位机源码\magic_lightcube\magic_lightcube\debug\magic_lightcube.pch
d:\datum\project\光立方备份\yfrobot 光立方上位机源码12\yfrobot 光立方上位机源码\magic_lightcube\magic_lightcube\debug\vc142.pdb
d:\datum\project\光立方备份\yfrobot 光立方上位机源码12\yfrobot 光立方上位机源码\magic_lightcube\magic_lightcube\debug\vc142.idb
d:\datum\project\光立方备份\yfrobot 光立方上位机源码12\yfrobot 光立方上位机源码\magic_lightcube\magic_lightcube\debug\stdafx.obj
d:\datum\project\光立方备份\yfrobot 光立方上位机源码12\yfrobot 光立方上位机源码\magic_lightcube\magic_lightcube\debug\magic_lightcubedlg.obj
d:\datum\project\光立方备份\yfrobot 光立方上位机源码12\yfrobot 光立方上位机源码\magic_lightcube\magic_lightcube\debug\magic_lightcube.obj
d:\datum\project\光立方备份\yfrobot 光立方上位机源码12\yfrobot 光立方上位机源码\magic_lightcube\magic_lightcube\debug\savenamedlg.obj
d:\datum\project\光立方备份\yfrobot 光立方上位机源码12\yfrobot 光立方上位机源码\magic_lightcube\magic_lightcube\debug\musicdlg.obj
d:\datum\project\光立方备份\yfrobot 光立方上位机源码12\yfrobot 光立方上位机源码\magic_lightcube\magic_lightcube\debug\mscomm1.obj
d:\datum\project\光立方备份\yfrobot 光立方上位机源码12\yfrobot 光立方上位机源码\magic_lightcube\magic_lightcube\debug\copenglcontrol.obj
d:\datum\project\光立方备份\yfrobot 光立方上位机源码12\yfrobot 光立方上位机源码\magic_lightcube\magic_lightcube\debug\animationdlg.obj
d:\datum\project\光立方备份\yfrobot 光立方上位机源码12\yfrobot 光立方上位机源码\magic_lightcube\debug\magic_lightcube.ilk
d:\datum\project\光立方备份\yfrobot 光立方上位机源码12\yfrobot 光立方上位机源码\magic_lightcube\debug\magic_lightcube.exe
d:\datum\project\光立方备份\yfrobot 光立方上位机源码12\yfrobot 光立方上位机源码\magic_lightcube\debug\magic_lightcube.pdb
d:\datum\project\光立方备份\yfrobot 光立方上位机源码12\yfrobot 光立方上位机源码\magic_lightcube\magic_lightcube\debug\magic_lightcube.res
d:\datum\project\光立方备份\yfrobot 光立方上位机源码12\yfrobot 光立方上位机源码\magic_lightcube\magic_lightcube\debug\magic_lightcube.tlog\cl.command.1.tlog
d:\datum\project\光立方备份\yfrobot 光立方上位机源码12\yfrobot 光立方上位机源码\magic_lightcube\magic_lightcube\debug\magic_lightcube.tlog\cl.read.1.tlog
d:\datum\project\光立方备份\yfrobot 光立方上位机源码12\yfrobot 光立方上位机源码\magic_lightcube\magic_lightcube\debug\magic_lightcube.tlog\cl.write.1.tlog
d:\datum\project\光立方备份\yfrobot 光立方上位机源码12\yfrobot 光立方上位机源码\magic_lightcube\magic_lightcube\debug\magic_lightcube.tlog\link.command.1.tlog
d:\datum\project\光立方备份\yfrobot 光立方上位机源码12\yfrobot 光立方上位机源码\magic_lightcube\magic_lightcube\debug\magic_lightcube.tlog\link.read.1.tlog
d:\datum\project\光立方备份\yfrobot 光立方上位机源码12\yfrobot 光立方上位机源码\magic_lightcube\magic_lightcube\debug\magic_lightcube.tlog\link.write.1.tlog
d:\datum\project\光立方备份\yfrobot 光立方上位机源码12\yfrobot 光立方上位机源码\magic_lightcube\magic_lightcube\debug\magic_lightcube.tlog\rc.command.1.tlog
d:\datum\project\光立方备份\yfrobot 光立方上位机源码12\yfrobot 光立方上位机源码\magic_lightcube\magic_lightcube\debug\magic_lightcube.tlog\rc.read.1.tlog
d:\datum\project\光立方备份\yfrobot 光立方上位机源码12\yfrobot 光立方上位机源码\magic_lightcube\magic_lightcube\debug\magic_lightcube.tlog\rc.write.1.tlog
